syscall(257) = 3
syscall(0) = 5
syscall(3) = 0
syscall(99) = 0
syscall(257) = 3
syscall(5) = 0
syscall(0) = 1024
syscall(3) = 0
syscall(9) = -911699968
syscall(10) = 0
syscall(11) = 0
syscall(89) = -22
syscall(89) = -22
syscall(89) = -22
syscall(89) = -22
syscall(89) = -22
syscall(89) = -22
syscall(89) = -22
syscall(262) = 0
syscall(39) = 5091
syscall(257) = 3
syscall(5) = 0
syscall(5) = 0
syscall(0) = 2298
syscall(8) = 849
syscall(0) = 1449
syscall(3) = 0
syscall(262) = 0
syscall(257) = 3
syscall(5) = 0
syscall(0) = 4096
syscall(8) = 0
syscall(0) = 4096
syscall(3) = 0
syscall(257) = 3
syscall(0) = 832
syscall(5) = 0
syscall(9) = -911724544
syscall(9) = -911716352
syscall(9) = -911708160
syscall(9) = -911704064
syscall(3) = 0
syscall(10) = 0
syscall(257) = 3
syscall(262) = 0
syscall(17) = 28
syscall(9) = -1084227584
syscall(262) = -2
syscall(257) = 4
syscall(5) = 0
syscall(0) = 254
syscall(0) = 0
syscall(3) = 0
syscall(257) = 4
syscall(5) = 0
syscall(0) = 47
syscall(0) = 0
syscall(3) = 0
syscall(257) = 4
syscall(5) = 0
syscall(0) = 1024
syscall(0) = 1024
syscall(0) = 372
syscall(0) = 0
syscall(3) = 0
syscall(257) = -2
syscall(257) = -2
syscall(204) = 8
syscall(257) = 4
syscall(5) = 0
syscall(0) = 11
syscall(3) = 0
syscall(257) = 4
syscall(5) = 0
syscall(0) = 11
syscall(3) = 0
syscall(257) = 4
syscall(5) = 0
syscall(0) = 1024
syscall(0) = 535
syscall(3) = 0
syscall(257) = 4
syscall(5) = 0
syscall(217) = 128
syscall(217) = 0
syscall(3) = 0
syscall(257) = 4
syscall(5) = 0
syscall(0) = 23
syscall(3) = 0
syscall(257) = 4
syscall(5) = 0
syscall(0) = 8
syscall(3) = 0
syscall(257) = 4
syscall(5) = 0
syscall(0) = 4
syscall(3) = 0
syscall(302) = 0
syscall(302) = 0
syscall(302) = 0
syscall(229) = 0
syscall(14) = 0
syscall(13) = 0
syscall(13) = 0
syscall(13) = 0
syscall(13) = 0
syscall(13) = 0
syscall(13) = 0
syscall(13) = 0
syscall(13) = 0
syscall(13) = 0
syscall(13) = 0
syscall(13) = 0
syscall(13) = 0
syscall(13) = 0
syscall(302) = 0
syscall(257) = 4
syscall(5) = 0
syscall(0) = 1024
syscall(0) = 1024
syscall(0) = 1024
syscall(0) = 1024
syscall(0) = 888
syscall(3) = 0
syscall(302) = 0
syscall(302) = 0
syscall(257) = 4
syscall(5) = 0
syscall(0) = 9
syscall(8) = 0
syscall(1) = 4
syscall(3) = 0
syscall(257) = 4
syscall(5) = 0
syscall(0) = 9
syscall(8) = 0
syscall(1) = 4
syscall(3) = 0
syscall(9) = -911728640
syscall(9) = -911728640
syscall(10) = 0
syscall(9) = -911736832
syscall(9) = -911736832
syscall(10) = 0
syscall(10) = 0
syscall(39) = 5091
syscall(107) = 1000
syscall(262) = 0
syscall(262) = 0
syscall(257) = 4
syscall(5) = 0
syscall(0) = 390
syscall(0) = 0
syscall(5) = 0
syscall(3) = 0
syscall(257) = 4
syscall(5) = 0
syscall(8) = 0
syscall(0) = 2023
syscall(3) = 0
syscall(257) = 4
syscall(5) = 0
syscall(107) = 1000
syscall(257) = 5
syscall(5) = 0
syscall(5) = 0
syscall(5) = 0
syscall(3) = 0
syscall(257) = 4
syscall(81) = 0
syscall(217) = 72
syscall(257) = 6
syscall(5) = 0
syscall(72) = 1
syscall(73) = 0
syscall(39) = 5091
syscall(62) = -3
syscall(87) = 0
syscall(3) = 0
syscall(217) = 0
syscall(81) = 0
syscall(3) = 0
syscall(3) = 0
syscall(83) = -17
syscall(262) = 0
syscall(107) = 1000
syscall(257) = 4
syscall(5) = 0
syscall(107) = 1000
syscall(257) = 5
syscall(5) = 0
syscall(5) = 0
syscall(5) = 0
syscall(3) = 0
syscall(257) = 4
syscall(81) = 0
syscall(257) = 6
syscall(5) = 0
syscall(81) = 0
syscall(3) = 0
syscall(3) = 0
syscall(5) = 0
syscall(73) = 0
syscall(77) = 0
syscall(77) = 0
syscall(8) = 0
syscall(1) = 1
syscall(8) = 4096
syscall(1) = 1
syscall(8) = 8192
syscall(1) = 1
syscall(8) = 12288
syscall(1) = 1
syscall(8) = 16384
syscall(1) = 1
syscall(8) = 20480
syscall(1) = 1
syscall(8) = 24576
syscall(1) = 1
syscall(8) = 28672
syscall(1) = 1
syscall(9) = -911769600
syscall(3) = 0
syscall(186) = 5091
syscall(14) = 0
syscall(14) = 0
syscall(14) = 0
syscall(14) = 0
syscall(27) = -12
syscall(9) = 941154304
syscall(10) = 0
syscall(262) = 0
syscall(257) = 4
syscall(5) = 0
syscall(0) = 4096
syscall(8) = 0
syscall(0) = 4096
syscall(3) = 0
syscall(257) = 4
syscall(0) = 832
syscall(5) = 0
syscall(9) = -913154048
syscall(9) = -913100800
syscall(9) = -913047552
syscall(9) = -913027072
syscall(9) = -913018880
syscall(3) = 0
syscall(10) = 0
syscall(262) = 0
syscall(89) = -22
syscall(89) = -22
syscall(89) = -22
syscall(89) = -22
syscall(89) = -22
syscall(89) = -22
syscall(9) = -1134559232
syscall(9) = -1134559232
syscall(9) = -937713664
syscall(9) = -937713664
